{"/Users/kaungminkhant/Desktop/projects/Bleep/AlexMapBackend/src/configs/firebaseConfig.ts": {"path":"/Users/kaungminkhant/Desktop/projects/Bleep/AlexMapBackend/src/configs/firebaseConfig.ts","statementMap":{"0":{"start":{"line":1,"column":13},"end":{"line":9,"column":2}}},"fnMap":{},"branchMap":{},"s":{"0":0},"f":{},"b":{}}
,"/Users/kaungminkhant/Desktop/projects/Bleep/AlexMapBackend/src/constants/userConstants.ts": {"path":"/Users/kaungminkhant/Desktop/projects/Bleep/AlexMapBackend/src/constants/userConstants.ts","statementMap":{"0":{"start":{"line":2,"column":13},"end":{"line":5,"column":null}}},"fnMap":{},"branchMap":{},"s":{"0":1},"f":{},"b":{}}
,"/Users/kaungminkhant/Desktop/projects/Bleep/AlexMapBackend/src/controllers/auth/authController.ts": {"path":"/Users/kaungminkhant/Desktop/projects/Bleep/AlexMapBackend/src/controllers/auth/authController.ts","statementMap":{"0":{"start":{"line":2,"column":0},"end":{"line":2,"column":48}},"1":{"start":{"line":3,"column":0},"end":{"line":3,"column":67}},"2":{"start":{"line":4,"column":0},"end":{"line":4,"column":37}},"3":{"start":{"line":5,"column":0},"end":{"line":5,"column":53}},"4":{"start":{"line":6,"column":0},"end":{"line":6,"column":38}},"5":{"start":{"line":7,"column":0},"end":{"line":7,"column":62}},"6":{"start":{"line":8,"column":0},"end":{"line":8,"column":49}},"7":{"start":{"line":9,"column":0},"end":{"line":9,"column":49}},"8":{"start":{"line":11,"column":14},"end":{"line":74,"column":1}},"9":{"start":{"line":12,"column":4},"end":{"line":72,"column":5}},"10":{"start":{"line":13,"column":27},"end":{"line":13,"column":61}},"11":{"start":{"line":14,"column":8},"end":{"line":17,"column":9}},"12":{"start":{"line":15,"column":12},"end":{"line":15,"column":123}},"13":{"start":{"line":16,"column":12},"end":{"line":16,"column":19}},"14":{"start":{"line":19,"column":35},"end":{"line":19,"column":50}},"15":{"start":{"line":21,"column":29},"end":{"line":21,"column":72}},"16":{"start":{"line":23,"column":8},"end":{"line":26,"column":9}},"17":{"start":{"line":24,"column":12},"end":{"line":24,"column":101}},"18":{"start":{"line":25,"column":12},"end":{"line":25,"column":19}},"19":{"start":{"line":28,"column":22},"end":{"line":28,"column":75}},"20":{"start":{"line":30,"column":8},"end":{"line":67,"column":9}},"21":{"start":{"line":32,"column":37},"end":{"line":32,"column":46}},"22":{"start":{"line":33,"column":25},"end":{"line":33,"column":34}},"23":{"start":{"line":34,"column":12},"end":{"line":45,"column":13}},"24":{"start":{"line":35,"column":41},"end":{"line":40,"column":23}},"25":{"start":{"line":42,"column":16},"end":{"line":42,"column":67}},"26":{"start":{"line":43,"column":16},"end":{"line":43,"column":59}},"27":{"start":{"line":44,"column":16},"end":{"line":44,"column":50}},"28":{"start":{"line":47,"column":32},"end":{"line":47,"column":67}},"29":{"start":{"line":48,"column":33},"end":{"line":48,"column":69}},"30":{"start":{"line":49,"column":12},"end":{"line":49,"column":53}},"31":{"start":{"line":51,"column":12},"end":{"line":51,"column":38}},"32":{"start":{"line":52,"column":12},"end":{"line":52,"column":57}},"33":{"start":{"line":54,"column":12},"end":{"line":63,"column":16}},"34":{"start":{"line":57,"column":78},"end":{"line":57,"column":81}},"35":{"start":{"line":66,"column":12},"end":{"line":66,"column":null}},"36":{"start":{"line":70,"column":8},"end":{"line":70,"column":29}},"37":{"start":{"line":71,"column":8},"end":{"line":71,"column":20}},"38":{"start":{"line":76,"column":15},"end":{"line":104,"column":1}},"39":{"start":{"line":77,"column":4},"end":{"line":103,"column":5}},"40":{"start":{"line":78,"column":38},"end":{"line":78,"column":49}},"41":{"start":{"line":79,"column":30},"end":{"line":81,"column":9}},"42":{"start":{"line":80,"column":12},"end":{"line":80,"column":null}},"43":{"start":{"line":82,"column":8},"end":{"line":86,"column":9}},"44":{"start":{"line":83,"column":12},"end":{"line":83,"column":42}},"45":{"start":{"line":84,"column":12},"end":{"line":84,"column":null}},"46":{"start":{"line":85,"column":12},"end":{"line":85,"column":19}},"47":{"start":{"line":88,"column":29},"end":{"line":88,"column":72}},"48":{"start":{"line":90,"column":8},"end":{"line":94,"column":9}},"49":{"start":{"line":91,"column":12},"end":{"line":91,"column":42}},"50":{"start":{"line":92,"column":12},"end":{"line":92,"column":28}},"51":{"start":{"line":93,"column":12},"end":{"line":93,"column":19}},"52":{"start":{"line":96,"column":8},"end":{"line":96,"column":39}},"53":{"start":{"line":97,"column":8},"end":{"line":97,"column":34}},"54":{"start":{"line":99,"column":8},"end":{"line":99,"column":38}},"55":{"start":{"line":100,"column":8},"end":{"line":100,"column":24}},"56":{"start":{"line":102,"column":8},"end":{"line":102,"column":null}},"57":{"start":{"line":106,"column":24},"end":{"line":140,"column":1}},"58":{"start":{"line":107,"column":4},"end":{"line":139,"column":5}},"59":{"start":{"line":108,"column":36},"end":{"line":108,"column":47}},"60":{"start":{"line":110,"column":37},"end":{"line":112,"column":9}},"61":{"start":{"line":111,"column":12},"end":{"line":111,"column":109}},"62":{"start":{"line":114,"column":8},"end":{"line":117,"column":9}},"63":{"start":{"line":115,"column":12},"end":{"line":115,"column":35}},"64":{"start":{"line":116,"column":12},"end":{"line":116,"column":19}},"65":{"start":{"line":119,"column":29},"end":{"line":119,"column":70}},"66":{"start":{"line":121,"column":8},"end":{"line":124,"column":9}},"67":{"start":{"line":122,"column":12},"end":{"line":122,"column":35}},"68":{"start":{"line":123,"column":12},"end":{"line":123,"column":19}},"69":{"start":{"line":126,"column":8},"end":{"line":135,"column":null}},"70":{"start":{"line":127,"column":12},"end":{"line":130,"column":13}},"71":{"start":{"line":128,"column":16},"end":{"line":128,"column":39}},"72":{"start":{"line":129,"column":16},"end":{"line":129,"column":23}},"73":{"start":{"line":132,"column":32},"end":{"line":132,"column":71}},"74":{"start":{"line":134,"column":12},"end":{"line":134,"column":109}},"75":{"start":{"line":137,"column":8},"end":{"line":137,"column":29}},"76":{"start":{"line":138,"column":8},"end":{"line":138,"column":20}},"77":{"start":{"line":142,"column":17},"end":{"line":182,"column":1}},"78":{"start":{"line":143,"column":4},"end":{"line":181,"column":5}},"79":{"start":{"line":144,"column":27},"end":{"line":144,"column":61}},"80":{"start":{"line":146,"column":8},"end":{"line":152,"column":9}},"81":{"start":{"line":147,"column":12},"end":{"line":150,"column":null}},"82":{"start":{"line":151,"column":12},"end":{"line":151,"column":19}},"83":{"start":{"line":154,"column":64},"end":{"line":154,"column":79}},"84":{"start":{"line":155,"column":21},"end":{"line":155,"column":59}},"85":{"start":{"line":157,"column":29},"end":{"line":157,"column":68}},"86":{"start":{"line":159,"column":8},"end":{"line":164,"column":9}},"87":{"start":{"line":160,"column":12},"end":{"line":162,"column":15}},"88":{"start":{"line":163,"column":12},"end":{"line":163,"column":19}},"89":{"start":{"line":166,"column":31},"end":{"line":166,"column":55}},"90":{"start":{"line":168,"column":23},"end":{"line":174,"column":10}},"91":{"start":{"line":177,"column":8},"end":{"line":177,"column":null}},"92":{"start":{"line":180,"column":8},"end":{"line":180,"column":null}},"93":{"start":{"line":185,"column":13},"end":{"line":185,"column":null}}},"fnMap":{"0":{"name":"(anonymous_10)","decl":{"start":{"line":11,"column":14},"end":{"line":11,"column":19}},"loc":{"start":{"line":11,"column":72},"end":{"line":74,"column":1}}},"1":{"name":"(anonymous_11)","decl":{"start":{"line":57,"column":73},"end":{"line":57,"column":76}},"loc":{"start":{"line":57,"column":78},"end":{"line":57,"column":81}}},"2":{"name":"(anonymous_12)","decl":{"start":{"line":76,"column":15},"end":{"line":76,"column":20}},"loc":{"start":{"line":76,"column":53},"end":{"line":104,"column":1}}},"3":{"name":"(anonymous_13)","decl":{"start":{"line":79,"column":30},"end":{"line":79,"column":33}},"loc":{"start":{"line":79,"column":35},"end":{"line":81,"column":9}}},"4":{"name":"(anonymous_14)","decl":{"start":{"line":106,"column":24},"end":{"line":106,"column":29}},"loc":{"start":{"line":106,"column":82},"end":{"line":140,"column":1}}},"5":{"name":"(anonymous_15)","decl":{"start":{"line":110,"column":37},"end":{"line":110,"column":40}},"loc":{"start":{"line":110,"column":42},"end":{"line":112,"column":9}}},"6":{"name":"(anonymous_16)","decl":{"start":{"line":126,"column":68},"end":{"line":126,"column":69}},"loc":{"start":{"line":126,"column":111},"end":{"line":135,"column":9}}},"7":{"name":"(anonymous_17)","decl":{"start":{"line":142,"column":17},"end":{"line":142,"column":22}},"loc":{"start":{"line":142,"column":70},"end":{"line":182,"column":1}}}},"branchMap":{"0":{"loc":{"start":{"line":14,"column":8},"end":{"line":17,"column":9}},"type":"if","locations":[{"start":{"line":14,"column":8},"end":{"line":17,"column":9}},{"start":{},"end":{}}]},"1":{"loc":{"start":{"line":23,"column":8},"end":{"line":26,"column":9}},"type":"if","locations":[{"start":{"line":23,"column":8},"end":{"line":26,"column":9}},{"start":{},"end":{}}]},"2":{"loc":{"start":{"line":30,"column":8},"end":{"line":67,"column":9}},"type":"if","locations":[{"start":{"line":30,"column":8},"end":{"line":67,"column":9}},{"start":{"line":65,"column":15},"end":{"line":67,"column":9}}]},"3":{"loc":{"start":{"line":34,"column":12},"end":{"line":45,"column":13}},"type":"if","locations":[{"start":{"line":34,"column":12},"end":{"line":45,"column":13}},{"start":{},"end":{}}]},"4":{"loc":{"start":{"line":57,"column":40},"end":{"line":57,"column":64}},"type":"binary-expr","locations":[{"start":{"line":57,"column":40},"end":{"line":57,"column":58}},{"start":{"line":57,"column":62},"end":{"line":57,"column":64}}]},"5":{"loc":{"start":{"line":82,"column":8},"end":{"line":86,"column":9}},"type":"if","locations":[{"start":{"line":82,"column":8},"end":{"line":86,"column":9}},{"start":{},"end":{}}]},"6":{"loc":{"start":{"line":90,"column":8},"end":{"line":94,"column":9}},"type":"if","locations":[{"start":{"line":90,"column":8},"end":{"line":94,"column":9}},{"start":{},"end":{}}]},"7":{"loc":{"start":{"line":114,"column":8},"end":{"line":117,"column":9}},"type":"if","locations":[{"start":{"line":114,"column":8},"end":{"line":117,"column":9}},{"start":{},"end":{}}]},"8":{"loc":{"start":{"line":121,"column":8},"end":{"line":124,"column":9}},"type":"if","locations":[{"start":{"line":121,"column":8},"end":{"line":124,"column":9}},{"start":{},"end":{}}]},"9":{"loc":{"start":{"line":127,"column":12},"end":{"line":130,"column":13}},"type":"if","locations":[{"start":{"line":127,"column":12},"end":{"line":130,"column":13}},{"start":{},"end":{}}]},"10":{"loc":{"start":{"line":127,"column":15},"end":{"line":127,"column":79}},"type":"binary-expr","locations":[{"start":{"line":127,"column":15},"end":{"line":127,"column":18}},{"start":{"line":127,"column":22},"end":{"line":127,"column":79}}]},"11":{"loc":{"start":{"line":146,"column":8},"end":{"line":152,"column":9}},"type":"if","locations":[{"start":{"line":146,"column":8},"end":{"line":152,"column":9}},{"start":{},"end":{}}]},"12":{"loc":{"start":{"line":154,"column":21},"end":{"line":154,"column":37}},"type":"default-arg","locations":[{"start":{"line":154,"column":35},"end":{"line":154,"column":37}}]},"13":{"loc":{"start":{"line":159,"column":8},"end":{"line":164,"column":9}},"type":"if","locations":[{"start":{"line":159,"column":8},"end":{"line":164,"column":9}},{"start":{},"end":{}}]}},"s":{"0":1,"1":1,"2":1,"3":1,"4":1,"5":1,"6":1,"7":1,"8":1,"9":0,"10":0,"11":0,"12":0,"13":0,"14":0,"15":0,"16":0,"17":0,"18":0,"19":0,"20":0,"21":0,"22":0,"23":0,"24":0,"25":0,"26":0,"27":0,"28":0,"29":0,"30":0,"31":0,"32":0,"33":0,"34":0,"35":0,"36":0,"37":0,"38":1,"39":0,"40":0,"41":0,"42":0,"43":0,"44":0,"45":0,"46":0,"47":0,"48":0,"49":0,"50":0,"51":0,"52":0,"53":0,"54":0,"55":0,"56":0,"57":1,"58":0,"59":0,"60":0,"61":0,"62":0,"63":0,"64":0,"65":0,"66":0,"67":0,"68":0,"69":0,"70":0,"71":0,"72":0,"73":0,"74":0,"75":0,"76":0,"77":1,"78":0,"79":0,"80":0,"81":0,"82":0,"83":0,"84":0,"85":0,"86":0,"87":0,"88":0,"89":0,"90":0,"91":0,"92":0,"93":1},"f":{"0":0,"1":0,"2":0,"3":0,"4":0,"5":0,"6":0,"7":0},"b":{"0":[0,0],"1":[0,0],"2":[0,0],"3":[0,0],"4":[0,0],"5":[0,0],"6":[0,0],"7":[0,0],"8":[0,0],"9":[0,0],"10":[0,0],"11":[0,0],"12":[0],"13":[0,0]}}
,"/Users/kaungminkhant/Desktop/projects/Bleep/AlexMapBackend/src/controllers/auth/utils/token.util.ts": {"path":"/Users/kaungminkhant/Desktop/projects/Bleep/AlexMapBackend/src/controllers/auth/utils/token.util.ts","statementMap":{"0":{"start":{"line":2,"column":0},"end":{"line":2,"column":31}},"1":{"start":{"line":12,"column":27},"end":{"line":37,"column":3}},"2":{"start":{"line":16,"column":4},"end":{"line":18,"column":5}},"3":{"start":{"line":17,"column":6},"end":{"line":17,"column":54}},"4":{"start":{"line":20,"column":18},"end":{"line":20,"column":81}},"5":{"start":{"line":20,"column":64},"end":{"line":20,"column":68}},"6":{"start":{"line":22,"column":34},"end":{"line":28,"column":6}},"7":{"start":{"line":30,"column":19},"end":{"line":32,"column":40}},"8":{"start":{"line":34,"column":22},"end":{"line":34,"column":59}},"9":{"start":{"line":36,"column":4},"end":{"line":36,"column":52}},"10":{"start":{"line":12,"column":13},"end":{"line":12,"column":27}}},"fnMap":{"0":{"name":"(anonymous_1)","decl":{"start":{"line":12,"column":27},"end":{"line":12,"column":null}},"loc":{"start":{"line":15,"column":14},"end":{"line":37,"column":3}}},"1":{"name":"(anonymous_2)","decl":{"start":{"line":20,"column":56},"end":{"line":20,"column":60}},"loc":{"start":{"line":20,"column":64},"end":{"line":20,"column":68}}}},"branchMap":{"0":{"loc":{"start":{"line":16,"column":4},"end":{"line":18,"column":5}},"type":"if","locations":[{"start":{"line":16,"column":4},"end":{"line":18,"column":5}},{"start":{},"end":{}}]},"1":{"loc":{"start":{"line":16,"column":8},"end":{"line":16,"column":77}},"type":"binary-expr","locations":[{"start":{"line":16,"column":8},"end":{"line":16,"column":40}},{"start":{"line":16,"column":44},"end":{"line":16,"column":77}}]},"2":{"loc":{"start":{"line":30,"column":19},"end":{"line":32,"column":40}},"type":"cond-expr","locations":[{"start":{"line":31,"column":8},"end":{"line":31,"column":39}},{"start":{"line":32,"column":8},"end":{"line":32,"column":40}}]},"3":{"loc":{"start":{"line":34,"column":22},"end":{"line":34,"column":59}},"type":"cond-expr","locations":[{"start":{"line":34,"column":47},"end":{"line":34,"column":51}},{"start":{"line":34,"column":54},"end":{"line":34,"column":59}}]}},"s":{"0":1,"1":1,"2":0,"3":0,"4":0,"5":0,"6":0,"7":0,"8":0,"9":0,"10":1},"f":{"0":0,"1":0},"b":{"0":[0,0],"1":[0,0],"2":[0,0],"3":[0,0]}}
,"/Users/kaungminkhant/Desktop/projects/Bleep/AlexMapBackend/src/controllers/conversation/conversationController.ts": {"path":"/Users/kaungminkhant/Desktop/projects/Bleep/AlexMapBackend/src/controllers/conversation/conversationController.ts","statementMap":{"0":{"start":{"line":2,"column":0},"end":{"line":2,"column":48}},"1":{"start":{"line":3,"column":0},"end":{"line":3,"column":46}},"2":{"start":{"line":4,"column":0},"end":{"line":4,"column":53}},"3":{"start":{"line":5,"column":0},"end":{"line":5,"column":37}},"4":{"start":{"line":8,"column":29},"end":{"line":41,"column":1}},"5":{"start":{"line":9,"column":4},"end":{"line":40,"column":5}},"6":{"start":{"line":10,"column":23},"end":{"line":10,"column":36}},"7":{"start":{"line":12,"column":8},"end":{"line":14,"column":9}},"8":{"start":{"line":13,"column":12},"end":{"line":13,"column":110}},"9":{"start":{"line":17,"column":22},"end":{"line":17,"column":78}},"10":{"start":{"line":19,"column":8},"end":{"line":21,"column":9}},"11":{"start":{"line":20,"column":12},"end":{"line":20,"column":110}},"12":{"start":{"line":25,"column":29},"end":{"line":32,"column":36}},"13":{"start":{"line":34,"column":8},"end":{"line":36,"column":10}},"14":{"start":{"line":39,"column":8},"end":{"line":39,"column":20}},"15":{"start":{"line":43,"column":30},"end":{"line":63,"column":1}},"16":{"start":{"line":44,"column":4},"end":{"line":62,"column":5}},"17":{"start":{"line":45,"column":24},"end":{"line":45,"column":37}},"18":{"start":{"line":47,"column":8},"end":{"line":49,"column":9}},"19":{"start":{"line":48,"column":12},"end":{"line":48,"column":110}},"20":{"start":{"line":52,"column":30},"end":{"line":54,"column":36}},"21":{"start":{"line":56,"column":8},"end":{"line":58,"column":10}},"22":{"start":{"line":60,"column":8},"end":{"line":60,"column":51}},"23":{"start":{"line":61,"column":8},"end":{"line":61,"column":20}},"24":{"start":{"line":65,"column":13},"end":{"line":68,"column":2}}},"fnMap":{"0":{"name":"(anonymous_1)","decl":{"start":{"line":8,"column":29},"end":{"line":8,"column":34}},"loc":{"start":{"line":8,"column":87},"end":{"line":41,"column":1}}},"1":{"name":"(anonymous_2)","decl":{"start":{"line":43,"column":30},"end":{"line":43,"column":35}},"loc":{"start":{"line":43,"column":88},"end":{"line":63,"column":1}}}},"branchMap":{"0":{"loc":{"start":{"line":12,"column":8},"end":{"line":14,"column":9}},"type":"if","locations":[{"start":{"line":12,"column":8},"end":{"line":14,"column":9}},{"start":{},"end":{}}]},"1":{"loc":{"start":{"line":12,"column":12},"end":{"line":12,"column":57}},"type":"binary-expr","locations":[{"start":{"line":12,"column":12},"end":{"line":12,"column":19}},{"start":{"line":12,"column":23},"end":{"line":12,"column":57}}]},"2":{"loc":{"start":{"line":19,"column":8},"end":{"line":21,"column":9}},"type":"if","locations":[{"start":{"line":19,"column":8},"end":{"line":21,"column":9}},{"start":{},"end":{}}]},"3":{"loc":{"start":{"line":47,"column":8},"end":{"line":49,"column":9}},"type":"if","locations":[{"start":{"line":47,"column":8},"end":{"line":49,"column":9}},{"start":{},"end":{}}]},"4":{"loc":{"start":{"line":47,"column":12},"end":{"line":47,"column":59}},"type":"binary-expr","locations":[{"start":{"line":47,"column":12},"end":{"line":47,"column":20}},{"start":{"line":47,"column":24},"end":{"line":47,"column":59}}]}},"s":{"0":1,"1":1,"2":1,"3":1,"4":1,"5":0,"6":0,"7":0,"8":0,"9":0,"10":0,"11":0,"12":0,"13":0,"14":0,"15":1,"16":0,"17":0,"18":0,"19":0,"20":0,"21":0,"22":0,"23":0,"24":1},"f":{"0":0,"1":0},"b":{"0":[0,0],"1":[0,0],"2":[0,0],"3":[0,0],"4":[0,0]}}
,"/Users/kaungminkhant/Desktop/projects/Bleep/AlexMapBackend/src/controllers/message/messageController.ts": {"path":"/Users/kaungminkhant/Desktop/projects/Bleep/AlexMapBackend/src/controllers/message/messageController.ts","statementMap":{"0":{"start":{"line":2,"column":0},"end":{"line":2,"column":72}},"1":{"start":{"line":3,"column":0},"end":{"line":3,"column":53}},"2":{"start":{"line":4,"column":0},"end":{"line":4,"column":37}},"3":{"start":{"line":5,"column":0},"end":{"line":5,"column":48}},"4":{"start":{"line":6,"column":0},"end":{"line":6,"column":43}},"5":{"start":{"line":8,"column":0},"end":{"line":8,"column":46}},"6":{"start":{"line":9,"column":0},"end":{"line":9,"column":62}},"7":{"start":{"line":11,"column":12},"end":{"line":66,"column":1}},"8":{"start":{"line":12,"column":2},"end":{"line":65,"column":3}},"9":{"start":{"line":13,"column":31},"end":{"line":13,"column":41}},"10":{"start":{"line":14,"column":19},"end":{"line":14,"column":32}},"11":{"start":{"line":17,"column":17},"end":{"line":17,"column":56}},"12":{"start":{"line":18,"column":18},"end":{"line":18,"column":59}},"13":{"start":{"line":19,"column":17},"end":{"line":19,"column":35}},"14":{"start":{"line":21,"column":4},"end":{"line":25,"column":5}},"15":{"start":{"line":22,"column":6},"end":{"line":24,"column":9}},"16":{"start":{"line":27,"column":4},"end":{"line":29,"column":5}},"17":{"start":{"line":28,"column":6},"end":{"line":28,"column":121}},"18":{"start":{"line":32,"column":38},"end":{"line":45,"column":6}},"19":{"start":{"line":48,"column":4},"end":{"line":60,"column":7}},"20":{"start":{"line":63,"column":4},"end":{"line":63,"column":41}},"21":{"start":{"line":64,"column":4},"end":{"line":64,"column":16}},"22":{"start":{"line":68,"column":15},"end":{"line":171,"column":1}},"23":{"start":{"line":71,"column":4},"end":{"line":170,"column":5}},"24":{"start":{"line":72,"column":23},"end":{"line":72,"column":31}},"25":{"start":{"line":73,"column":37},"end":{"line":73,"column":71}},"26":{"start":{"line":75,"column":26},"end":{"line":75,"column":56}},"27":{"start":{"line":76,"column":28},"end":{"line":76,"column":68}},"28":{"start":{"line":78,"column":6},"end":{"line":80,"column":7}},"29":{"start":{"line":79,"column":8},"end":{"line":79,"column":156}},"30":{"start":{"line":82,"column":73},"end":{"line":82,"column":91}},"31":{"start":{"line":84,"column":24},"end":{"line":84,"column":53}},"32":{"start":{"line":86,"column":26},"end":{"line":86,"column":57}},"33":{"start":{"line":88,"column":7},"end":{"line":90,"column":7}},"34":{"start":{"line":89,"column":8},"end":{"line":89,"column":139}},"35":{"start":{"line":93,"column":6},"end":{"line":129,"column":5}},"36":{"start":{"line":94,"column":29},"end":{"line":100,"column":10}},"37":{"start":{"line":102,"column":8},"end":{"line":104,"column":9}},"38":{"start":{"line":103,"column":12},"end":{"line":103,"column":140}},"39":{"start":{"line":107,"column":25},"end":{"line":126,"column":null}},"40":{"start":{"line":128,"column":4},"end":{"line":128,"column":49}},"41":{"start":{"line":131,"column":25},"end":{"line":136,"column":9}},"42":{"start":{"line":139,"column":31},"end":{"line":141,"column":15}},"43":{"start":{"line":145,"column":8},"end":{"line":155,"column":10}},"44":{"start":{"line":158,"column":17},"end":{"line":158,"column":34}},"45":{"start":{"line":159,"column":6},"end":{"line":162,"column":7}},"46":{"start":{"line":160,"column":8},"end":{"line":160,"column":68}},"47":{"start":{"line":161,"column":8},"end":{"line":161,"column":91}},"48":{"start":{"line":164,"column":6},"end":{"line":167,"column":10}},"49":{"start":{"line":169,"column":8},"end":{"line":169,"column":null}},"50":{"start":{"line":173,"column":13},"end":{"line":173,"column":null}}},"fnMap":{"0":{"name":"(anonymous_1)","decl":{"start":{"line":11,"column":12},"end":{"line":11,"column":17}},"loc":{"start":{"line":11,"column":70},"end":{"line":66,"column":1}}},"1":{"name":"(anonymous_2)","decl":{"start":{"line":68,"column":15},"end":{"line":68,"column":20}},"loc":{"start":{"line":68,"column":73},"end":{"line":171,"column":1}}}},"branchMap":{"0":{"loc":{"start":{"line":17,"column":17},"end":{"line":17,"column":56}},"type":"binary-expr","locations":[{"start":{"line":17,"column":17},"end":{"line":17,"column":51}},{"start":{"line":17,"column":55},"end":{"line":17,"column":56}}]},"1":{"loc":{"start":{"line":18,"column":18},"end":{"line":18,"column":59}},"type":"binary-expr","locations":[{"start":{"line":18,"column":18},"end":{"line":18,"column":53}},{"start":{"line":18,"column":57},"end":{"line":18,"column":59}}]},"2":{"loc":{"start":{"line":21,"column":4},"end":{"line":25,"column":5}},"type":"if","locations":[{"start":{"line":21,"column":4},"end":{"line":25,"column":5}},{"start":{},"end":{}}]},"3":{"loc":{"start":{"line":27,"column":4},"end":{"line":29,"column":5}},"type":"if","locations":[{"start":{"line":27,"column":4},"end":{"line":29,"column":5}},{"start":{},"end":{}}]},"4":{"loc":{"start":{"line":73,"column":37},"end":{"line":73,"column":71}},"type":"binary-expr","locations":[{"start":{"line":73,"column":37},"end":{"line":73,"column":45}},{"start":{"line":73,"column":49},"end":{"line":73,"column":71}}]},"5":{"loc":{"start":{"line":78,"column":6},"end":{"line":80,"column":7}},"type":"if","locations":[{"start":{"line":78,"column":6},"end":{"line":80,"column":7}},{"start":{},"end":{}}]},"6":{"loc":{"start":{"line":88,"column":7},"end":{"line":90,"column":7}},"type":"if","locations":[{"start":{"line":88,"column":7},"end":{"line":90,"column":7}},{"start":{},"end":{}}]},"7":{"loc":{"start":{"line":88,"column":10},"end":{"line":88,"column":36}},"type":"binary-expr","locations":[{"start":{"line":88,"column":10},"end":{"line":88,"column":20}},{"start":{"line":88,"column":24},"end":{"line":88,"column":36}}]},"8":{"loc":{"start":{"line":93,"column":6},"end":{"line":129,"column":5}},"type":"if","locations":[{"start":{"line":93,"column":6},"end":{"line":129,"column":5}},{"start":{"line":105,"column":11},"end":{"line":129,"column":5}}]},"9":{"loc":{"start":{"line":102,"column":8},"end":{"line":104,"column":9}},"type":"if","locations":[{"start":{"line":102,"column":8},"end":{"line":104,"column":9}},{"start":{},"end":{}}]},"10":{"loc":{"start":{"line":117,"column":24},"end":{"line":117,"column":91}},"type":"cond-expr","locations":[{"start":{"line":117,"column":70},"end":{"line":117,"column":78}},{"start":{"line":117,"column":81},"end":{"line":117,"column":91}}]},"11":{"loc":{"start":{"line":118,"column":25},"end":{"line":118,"column":92}},"type":"cond-expr","locations":[{"start":{"line":118,"column":71},"end":{"line":118,"column":81}},{"start":{"line":118,"column":84},"end":{"line":118,"column":92}}]},"12":{"loc":{"start":{"line":159,"column":6},"end":{"line":162,"column":7}},"type":"if","locations":[{"start":{"line":159,"column":6},"end":{"line":162,"column":7}},{"start":{},"end":{}}]}},"s":{"0":1,"1":1,"2":1,"3":1,"4":1,"5":1,"6":1,"7":1,"8":0,"9":0,"10":0,"11":0,"12":0,"13":0,"14":0,"15":0,"16":0,"17":0,"18":0,"19":0,"20":0,"21":0,"22":1,"23":2,"24":2,"25":2,"26":2,"27":2,"28":2,"29":0,"30":2,"31":2,"32":2,"33":2,"34":0,"35":2,"36":0,"37":0,"38":0,"39":2,"40":2,"41":2,"42":2,"43":2,"44":2,"45":2,"46":2,"47":2,"48":2,"49":0,"50":1},"f":{"0":0,"1":2},"b":{"0":[0,0],"1":[0,0],"2":[0,0],"3":[0,0],"4":[2,0],"5":[0,2],"6":[0,2],"7":[2,2],"8":[0,2],"9":[0,0],"10":[1,1],"11":[1,1],"12":[2,0]}}
,"/Users/kaungminkhant/Desktop/projects/Bleep/AlexMapBackend/src/cors/allowedOrigin.ts": {"path":"/Users/kaungminkhant/Desktop/projects/Bleep/AlexMapBackend/src/cors/allowedOrigin.ts","statementMap":{"0":{"start":{"line":1,"column":13},"end":{"line":1,"column":null}}},"fnMap":{},"branchMap":{},"s":{"0":1},"f":{},"b":{}}
,"/Users/kaungminkhant/Desktop/projects/Bleep/AlexMapBackend/src/cors/corsOption.ts": {"path":"/Users/kaungminkhant/Desktop/projects/Bleep/AlexMapBackend/src/cors/corsOption.ts","statementMap":{"0":{"start":{"line":2,"column":0},"end":{"line":2,"column":49}},"1":{"start":{"line":4,"column":13},"end":{"line":15,"column":null}},"2":{"start":{"line":6,"column":8},"end":{"line":10,"column":9}},"3":{"start":{"line":7,"column":10},"end":{"line":7,"column":31}},"4":{"start":{"line":9,"column":10},"end":{"line":9,"column":54}}},"fnMap":{"0":{"name":"(anonymous_0)","decl":{"start":{"line":5,"column":12},"end":{"line":5,"column":13}},"loc":{"start":{"line":5,"column":33},"end":{"line":11,"column":7}}}},"branchMap":{"0":{"loc":{"start":{"line":6,"column":8},"end":{"line":10,"column":9}},"type":"if","locations":[{"start":{"line":6,"column":8},"end":{"line":10,"column":9}},{"start":{"line":8,"column":15},"end":{"line":10,"column":9}}]},"1":{"loc":{"start":{"line":6,"column":12},"end":{"line":6,"column":60}},"type":"binary-expr","locations":[{"start":{"line":6,"column":12},"end":{"line":6,"column":49}},{"start":{"line":6,"column":53},"end":{"line":6,"column":60}}]}},"s":{"0":1,"1":1,"2":2,"3":2,"4":0},"f":{"0":2},"b":{"0":[2,0],"1":[2,2]}}
,"/Users/kaungminkhant/Desktop/projects/Bleep/AlexMapBackend/src/db/connect.ts": {"path":"/Users/kaungminkhant/Desktop/projects/Bleep/AlexMapBackend/src/db/connect.ts","statementMap":{"0":{"start":{"line":1,"column":0},"end":{"line":1,"column":32}},"1":{"start":{"line":2,"column":0},"end":{"line":2,"column":28}},"2":{"start":{"line":4,"column":0},"end":{"line":4,"column":16}},"3":{"start":{"line":6,"column":20},"end":{"line":6,"column":80}},"4":{"start":{"line":8,"column":18},"end":{"line":19,"column":1}},"5":{"start":{"line":9,"column":2},"end":{"line":18,"column":3}},"6":{"start":{"line":10,"column":4},"end":{"line":12,"column":3}},"7":{"start":{"line":11,"column":6},"end":{"line":11,"column":13}},"8":{"start":{"line":13,"column":4},"end":{"line":13,"column":40}},"9":{"start":{"line":14,"column":4},"end":{"line":14,"column":50}},"10":{"start":{"line":16,"column":4},"end":{"line":16,"column":54}},"11":{"start":{"line":17,"column":4},"end":{"line":17,"column":20}},"12":{"start":{"line":21,"column":0},"end":{"line":21,"column":25}}},"fnMap":{"0":{"name":"(anonymous_1)","decl":{"start":{"line":8,"column":18},"end":{"line":8,"column":23}},"loc":{"start":{"line":8,"column":29},"end":{"line":19,"column":1}}}},"branchMap":{"0":{"loc":{"start":{"line":6,"column":20},"end":{"line":6,"column":80}},"type":"binary-expr","locations":[{"start":{"line":6,"column":20},"end":{"line":6,"column":43}},{"start":{"line":6,"column":47},"end":{"line":6,"column":80}}]},"1":{"loc":{"start":{"line":10,"column":4},"end":{"line":12,"column":3}},"type":"if","locations":[{"start":{"line":10,"column":4},"end":{"line":12,"column":3}},{"start":{},"end":{}}]}},"s":{"0":1,"1":1,"2":1,"3":1,"4":1,"5":1,"6":1,"7":1,"8":0,"9":0,"10":0,"11":0,"12":1},"f":{"0":1},"b":{"0":[1,0],"1":[1,0]}}
,"/Users/kaungminkhant/Desktop/projects/Bleep/AlexMapBackend/src/middleware/errorHandler.ts": {"path":"/Users/kaungminkhant/Desktop/projects/Bleep/AlexMapBackend/src/middleware/errorHandler.ts","statementMap":{"0":{"start":{"line":2,"column":0},"end":{"line":2,"column":48}},"1":{"start":{"line":9,"column":28},"end":{"line":24,"column":3}},"2":{"start":{"line":15,"column":23},"end":{"line":15,"column":74}},"3":{"start":{"line":16,"column":20},"end":{"line":16,"column":57}},"4":{"start":{"line":18,"column":4},"end":{"line":23,"column":7}},"5":{"start":{"line":9,"column":13},"end":{"line":9,"column":28}}},"fnMap":{"0":{"name":"(anonymous_0)","decl":{"start":{"line":9,"column":28},"end":{"line":9,"column":null}},"loc":{"start":{"line":14,"column":6},"end":{"line":24,"column":3}}}},"branchMap":{"0":{"loc":{"start":{"line":15,"column":23},"end":{"line":15,"column":74}},"type":"binary-expr","locations":[{"start":{"line":15,"column":23},"end":{"line":15,"column":37}},{"start":{"line":15,"column":41},"end":{"line":15,"column":74}}]},"1":{"loc":{"start":{"line":16,"column":20},"end":{"line":16,"column":57}},"type":"binary-expr","locations":[{"start":{"line":16,"column":20},"end":{"line":16,"column":31}},{"start":{"line":16,"column":35},"end":{"line":16,"column":57}}]},"2":{"loc":{"start":{"line":21,"column":15},"end":{"line":21,"column":79}},"type":"cond-expr","locations":[{"start":{"line":21,"column":56},"end":{"line":21,"column":67}},{"start":{"line":21,"column":70},"end":{"line":21,"column":79}}]},"3":{"loc":{"start":{"line":22,"column":13},"end":{"line":22,"column":75}},"type":"cond-expr","locations":[{"start":{"line":22,"column":54},"end":{"line":22,"column":63}},{"start":{"line":22,"column":66},"end":{"line":22,"column":75}}]}},"s":{"0":1,"1":1,"2":0,"3":0,"4":0,"5":1},"f":{"0":0},"b":{"0":[0,0],"1":[0,0],"2":[0,0],"3":[0,0]}}
,"/Users/kaungminkhant/Desktop/projects/Bleep/AlexMapBackend/src/middleware/isAdmin.ts": {"path":"/Users/kaungminkhant/Desktop/projects/Bleep/AlexMapBackend/src/middleware/isAdmin.ts","statementMap":{"0":{"start":{"line":3,"column":0},"end":{"line":3,"column":48}},"1":{"start":{"line":4,"column":0},"end":{"line":4,"column":59}},"2":{"start":{"line":6,"column":23},"end":{"line":16,"column":1}},"3":{"start":{"line":7,"column":17},"end":{"line":7,"column":25}},"4":{"start":{"line":9,"column":4},"end":{"line":11,"column":5}},"5":{"start":{"line":10,"column":8},"end":{"line":10,"column":53}},"6":{"start":{"line":13,"column":4},"end":{"line":13,"column":66}},"7":{"start":{"line":15,"column":4},"end":{"line":15,"column":11}},"8":{"start":{"line":6,"column":13},"end":{"line":6,"column":23}}},"fnMap":{"0":{"name":"(anonymous_0)","decl":{"start":{"line":6,"column":23},"end":{"line":6,"column":24}},"loc":{"start":{"line":6,"column":74},"end":{"line":16,"column":1}}}},"branchMap":{"0":{"loc":{"start":{"line":9,"column":4},"end":{"line":11,"column":5}},"type":"if","locations":[{"start":{"line":9,"column":4},"end":{"line":11,"column":5}},{"start":{},"end":{}}]}},"s":{"0":0,"1":0,"2":0,"3":0,"4":0,"5":0,"6":0,"7":0,"8":0},"f":{"0":0},"b":{"0":[0,0]}}
,"/Users/kaungminkhant/Desktop/projects/Bleep/AlexMapBackend/src/middleware/verifyJwt.ts": {"path":"/Users/kaungminkhant/Desktop/projects/Bleep/AlexMapBackend/src/middleware/verifyJwt.ts","statementMap":{"0":{"start":{"line":2,"column":0},"end":{"line":2,"column":48}},"1":{"start":{"line":3,"column":0},"end":{"line":3,"column":47}},"2":{"start":{"line":27,"column":25},"end":{"line":46,"column":1}},"3":{"start":{"line":28,"column":23},"end":{"line":28,"column":87}},"4":{"start":{"line":30,"column":4},"end":{"line":33,"column":5}},"5":{"start":{"line":31,"column":8},"end":{"line":31,"column":49}},"6":{"start":{"line":32,"column":8},"end":{"line":32,"column":15}},"7":{"start":{"line":35,"column":18},"end":{"line":35,"column":42}},"8":{"start":{"line":37,"column":4},"end":{"line":44,"column":7}},"9":{"start":{"line":38,"column":6},"end":{"line":38,"column":60}},"10":{"start":{"line":38,"column":15},"end":{"line":38,"column":60}},"11":{"start":{"line":41,"column":22},"end":{"line":41,"column":49}},"12":{"start":{"line":42,"column":6},"end":{"line":42,"column":34}},"13":{"start":{"line":43,"column":6},"end":{"line":43,"column":13}},"14":{"start":{"line":27,"column":13},"end":{"line":27,"column":25}}},"fnMap":{"0":{"name":"(anonymous_1)","decl":{"start":{"line":27,"column":25},"end":{"line":27,"column":26}},"loc":{"start":{"line":27,"column":77},"end":{"line":46,"column":1}}},"1":{"name":"(anonymous_2)","decl":{"start":{"line":37,"column":56},"end":{"line":37,"column":57}},"loc":{"start":{"line":37,"column":73},"end":{"line":44,"column":5}}}},"branchMap":{"0":{"loc":{"start":{"line":28,"column":23},"end":{"line":28,"column":87}},"type":"binary-expr","locations":[{"start":{"line":28,"column":23},"end":{"line":28,"column":48}},{"start":{"line":28,"column":52},"end":{"line":28,"column":87}}]},"1":{"loc":{"start":{"line":30,"column":4},"end":{"line":33,"column":5}},"type":"if","locations":[{"start":{"line":30,"column":4},"end":{"line":33,"column":5}},{"start":{},"end":{}}]},"2":{"loc":{"start":{"line":38,"column":6},"end":{"line":38,"column":60}},"type":"if","locations":[{"start":{"line":38,"column":6},"end":{"line":38,"column":60}},{"start":{},"end":{}}]}},"s":{"0":1,"1":1,"2":1,"3":0,"4":0,"5":0,"6":0,"7":0,"8":0,"9":0,"10":0,"11":0,"12":0,"13":0,"14":1},"f":{"0":0,"1":0},"b":{"0":[0,0],"1":[0,0],"2":[0,0]}}
,"/Users/kaungminkhant/Desktop/projects/Bleep/AlexMapBackend/src/modals/Conversation.ts": {"path":"/Users/kaungminkhant/Desktop/projects/Bleep/AlexMapBackend/src/modals/Conversation.ts","statementMap":{"0":{"start":{"line":1,"column":0},"end":{"line":1,"column":41}},"1":{"start":{"line":4,"column":27},"end":{"line":10,"column":21}},"2":{"start":{"line":12,"column":21},"end":{"line":12,"column":77}},"3":{"start":{"line":14,"column":0},"end":{"line":14,"column":28}}},"fnMap":{},"branchMap":{},"s":{"0":1,"1":1,"2":1,"3":1},"f":{},"b":{}}
,"/Users/kaungminkhant/Desktop/projects/Bleep/AlexMapBackend/src/modals/Message.ts": {"path":"/Users/kaungminkhant/Desktop/projects/Bleep/AlexMapBackend/src/modals/Message.ts","statementMap":{"0":{"start":{"line":1,"column":0},"end":{"line":1,"column":41}},"1":{"start":{"line":4,"column":13},"end":{"line":9,"column":22}},"2":{"start":{"line":11,"column":16},"end":{"line":11,"column":57}},"3":{"start":{"line":13,"column":0},"end":{"line":13,"column":23}}},"fnMap":{},"branchMap":{},"s":{"0":1,"1":1,"2":1,"3":1},"f":{},"b":{}}
,"/Users/kaungminkhant/Desktop/projects/Bleep/AlexMapBackend/src/modals/User.ts": {"path":"/Users/kaungminkhant/Desktop/projects/Bleep/AlexMapBackend/src/modals/User.ts","statementMap":{"0":{"start":{"line":1,"column":0},"end":{"line":1,"column":32}},"1":{"start":{"line":4,"column":13},"end":{"line":51,"column":5}},"2":{"start":{"line":53,"column":15},"end":{"line":53,"column":67}},"3":{"start":{"line":55,"column":0},"end":{"line":55,"column":20}}},"fnMap":{},"branchMap":{},"s":{"0":1,"1":1,"2":1,"3":1},"f":{},"b":{}}
,"/Users/kaungminkhant/Desktop/projects/Bleep/AlexMapBackend/src/routes/authRoutes.ts": {"path":"/Users/kaungminkhant/Desktop/projects/Bleep/AlexMapBackend/src/routes/authRoutes.ts","statementMap":{"0":{"start":{"line":1,"column":0},"end":{"line":1,"column":33}},"1":{"start":{"line":2,"column":0},"end":{"line":2,"column":68}},"2":{"start":{"line":4,"column":13},"end":{"line":4,"column":35}},"3":{"start":{"line":6,"column":0},"end":{"line":6,"column":55}},"4":{"start":{"line":7,"column":0},"end":{"line":7,"column":48}},"5":{"start":{"line":8,"column":0},"end":{"line":8,"column":49}},"6":{"start":{"line":9,"column":0},"end":{"line":9,"column":59}}},"fnMap":{},"branchMap":{},"s":{"0":1,"1":1,"2":1,"3":1,"4":1,"5":1,"6":1},"f":{},"b":{}}
,"/Users/kaungminkhant/Desktop/projects/Bleep/AlexMapBackend/src/routes/conversationRoutes.ts": {"path":"/Users/kaungminkhant/Desktop/projects/Bleep/AlexMapBackend/src/routes/conversationRoutes.ts","statementMap":{"0":{"start":{"line":1,"column":0},"end":{"line":1,"column":33}},"1":{"start":{"line":2,"column":0},"end":{"line":2,"column":92}},"2":{"start":{"line":5,"column":13},"end":{"line":5,"column":43}},"3":{"start":{"line":7,"column":0},"end":{"line":7,"column":85}},"4":{"start":{"line":8,"column":0},"end":{"line":8,"column":83}}},"fnMap":{},"branchMap":{},"s":{"0":1,"1":1,"2":1,"3":1,"4":1},"f":{},"b":{}}
,"/Users/kaungminkhant/Desktop/projects/Bleep/AlexMapBackend/src/routes/messageRoutes.ts": {"path":"/Users/kaungminkhant/Desktop/projects/Bleep/AlexMapBackend/src/routes/messageRoutes.ts","statementMap":{"0":{"start":{"line":1,"column":0},"end":{"line":1,"column":33}},"1":{"start":{"line":2,"column":0},"end":{"line":2,"column":77}},"2":{"start":{"line":4,"column":13},"end":{"line":4,"column":38}},"3":{"start":{"line":6,"column":0},"end":{"line":6,"column":56}},"4":{"start":{"line":7,"column":0},"end":{"line":7,"column":67}}},"fnMap":{},"branchMap":{},"s":{"0":1,"1":1,"2":1,"3":1,"4":1},"f":{},"b":{}}
,"/Users/kaungminkhant/Desktop/projects/Bleep/AlexMapBackend/src/socket/socketHandlers.ts": {"path":"/Users/kaungminkhant/Desktop/projects/Bleep/AlexMapBackend/src/socket/socketHandlers.ts","statementMap":{"0":{"start":{"line":2,"column":0},"end":{"line":2,"column":31}},"1":{"start":{"line":3,"column":0},"end":{"line":3,"column":40}},"2":{"start":{"line":4,"column":0},"end":{"line":4,"column":50}},"3":{"start":{"line":12,"column":20},"end":{"line":12,"column":45}},"4":{"start":{"line":14,"column":40},"end":{"line":164,"column":1}},"5":{"start":{"line":15,"column":4},"end":{"line":163,"column":7}},"6":{"start":{"line":16,"column":8},"end":{"line":16,"column":50}},"7":{"start":{"line":19,"column":8},"end":{"line":39,"column":11}},"8":{"start":{"line":20,"column":12},"end":{"line":38,"column":13}},"9":{"start":{"line":21,"column":32},"end":{"line":21,"column":110}},"10":{"start":{"line":22,"column":16},"end":{"line":22,"column":53}},"11":{"start":{"line":23,"column":16},"end":{"line":23,"column":47}},"12":{"start":{"line":25,"column":16},"end":{"line":25,"column":66}},"13":{"start":{"line":28,"column":16},"end":{"line":28,"column":98}},"14":{"start":{"line":31,"column":16},"end":{"line":31,"column":80}},"15":{"start":{"line":33,"column":16},"end":{"line":33,"column":84}},"16":{"start":{"line":35,"column":16},"end":{"line":35,"column":70}},"17":{"start":{"line":36,"column":16},"end":{"line":36,"column":80}},"18":{"start":{"line":37,"column":16},"end":{"line":37,"column":36}},"19":{"start":{"line":42,"column":8},"end":{"line":65,"column":11}},"20":{"start":{"line":43,"column":12},"end":{"line":46,"column":13}},"21":{"start":{"line":44,"column":16},"end":{"line":44,"column":71}},"22":{"start":{"line":45,"column":16},"end":{"line":45,"column":23}},"23":{"start":{"line":49,"column":33},"end":{"line":55,"column":14}},"24":{"start":{"line":57,"column":12},"end":{"line":60,"column":13}},"25":{"start":{"line":58,"column":16},"end":{"line":58,"column":93}},"26":{"start":{"line":59,"column":16},"end":{"line":59,"column":23}},"27":{"start":{"line":63,"column":12},"end":{"line":63,"column":40}},"28":{"start":{"line":64,"column":12},"end":{"line":64,"column":87}},"29":{"start":{"line":68,"column":8},"end":{"line":71,"column":11}},"30":{"start":{"line":69,"column":12},"end":{"line":69,"column":41}},"31":{"start":{"line":70,"column":12},"end":{"line":70,"column":85}},"32":{"start":{"line":74,"column":8},"end":{"line":131,"column":11}},"33":{"start":{"line":80,"column":12},"end":{"line":130,"column":13}},"34":{"start":{"line":81,"column":16},"end":{"line":84,"column":17}},"35":{"start":{"line":82,"column":20},"end":{"line":82,"column":70}},"36":{"start":{"line":83,"column":20},"end":{"line":83,"column":27}},"37":{"start":{"line":86,"column":62},"end":{"line":86,"column":73}},"38":{"start":{"line":89,"column":37},"end":{"line":95,"column":18}},"39":{"start":{"line":97,"column":16},"end":{"line":100,"column":17}},"40":{"start":{"line":98,"column":20},"end":{"line":98,"column":97}},"41":{"start":{"line":99,"column":20},"end":{"line":99,"column":27}},"42":{"start":{"line":103,"column":35},"end":{"line":109,"column":18}},"43":{"start":{"line":112,"column":16},"end":{"line":116,"column":19}},"44":{"start":{"line":119,"column":41},"end":{"line":121,"column":27}},"45":{"start":{"line":124,"column":16},"end":{"line":124,"column":76}},"46":{"start":{"line":126,"column":16},"end":{"line":126,"column":93}},"47":{"start":{"line":128,"column":16},"end":{"line":128,"column":63}},"48":{"start":{"line":129,"column":16},"end":{"line":129,"column":76}},"49":{"start":{"line":134,"column":8},"end":{"line":141,"column":11}},"50":{"start":{"line":135,"column":12},"end":{"line":140,"column":13}},"51":{"start":{"line":136,"column":16},"end":{"line":139,"column":19}},"52":{"start":{"line":143,"column":8},"end":{"line":150,"column":11}},"53":{"start":{"line":144,"column":12},"end":{"line":149,"column":13}},"54":{"start":{"line":145,"column":16},"end":{"line":148,"column":19}},"55":{"start":{"line":153,"column":8},"end":{"line":162,"column":11}},"56":{"start":{"line":154,"column":12},"end":{"line":161,"column":13}},"57":{"start":{"line":156,"column":16},"end":{"line":156,"column":50}},"58":{"start":{"line":159,"column":16},"end":{"line":159,"column":93}},"59":{"start":{"line":160,"column":16},"end":{"line":160,"column":65}},"60":{"start":{"line":14,"column":13},"end":{"line":14,"column":40}}},"fnMap":{"0":{"name":"(anonymous_1)","decl":{"start":{"line":14,"column":40},"end":{"line":14,"column":41}},"loc":{"start":{"line":14,"column":55},"end":{"line":164,"column":1}}},"1":{"name":"(anonymous_2)","decl":{"start":{"line":15,"column":24},"end":{"line":15,"column":25}},"loc":{"start":{"line":15,"column":56},"end":{"line":163,"column":5}}},"2":{"name":"(anonymous_3)","decl":{"start":{"line":19,"column":34},"end":{"line":19,"column":39}},"loc":{"start":{"line":19,"column":58},"end":{"line":39,"column":9}}},"3":{"name":"(anonymous_4)","decl":{"start":{"line":42,"column":39},"end":{"line":42,"column":44}},"loc":{"start":{"line":42,"column":72},"end":{"line":65,"column":9}}},"4":{"name":"(anonymous_5)","decl":{"start":{"line":68,"column":40},"end":{"line":68,"column":41}},"loc":{"start":{"line":68,"column":67},"end":{"line":71,"column":9}}},"5":{"name":"(anonymous_6)","decl":{"start":{"line":74,"column":34},"end":{"line":74,"column":39}},"loc":{"start":{"line":79,"column":13},"end":{"line":131,"column":9}}},"6":{"name":"(anonymous_7)","decl":{"start":{"line":134,"column":28},"end":{"line":134,"column":29}},"loc":{"start":{"line":134,"column":81},"end":{"line":141,"column":9}}},"7":{"name":"(anonymous_8)","decl":{"start":{"line":143,"column":33},"end":{"line":143,"column":34}},"loc":{"start":{"line":143,"column":86},"end":{"line":150,"column":9}}},"8":{"name":"(anonymous_9)","decl":{"start":{"line":153,"column":32},"end":{"line":153,"column":35}},"loc":{"start":{"line":153,"column":37},"end":{"line":162,"column":9}}}},"branchMap":{"0":{"loc":{"start":{"line":21,"column":50},"end":{"line":21,"column":102}},"type":"binary-expr","locations":[{"start":{"line":21,"column":50},"end":{"line":21,"column":81}},{"start":{"line":21,"column":85},"end":{"line":21,"column":102}}]},"1":{"loc":{"start":{"line":43,"column":12},"end":{"line":46,"column":13}},"type":"if","locations":[{"start":{"line":43,"column":12},"end":{"line":46,"column":13}},{"start":{},"end":{}}]},"2":{"loc":{"start":{"line":57,"column":12},"end":{"line":60,"column":13}},"type":"if","locations":[{"start":{"line":57,"column":12},"end":{"line":60,"column":13}},{"start":{},"end":{}}]},"3":{"loc":{"start":{"line":81,"column":16},"end":{"line":84,"column":17}},"type":"if","locations":[{"start":{"line":81,"column":16},"end":{"line":84,"column":17}},{"start":{},"end":{}}]},"4":{"loc":{"start":{"line":81,"column":20},"end":{"line":81,"column":76}},"type":"binary-expr","locations":[{"start":{"line":81,"column":20},"end":{"line":81,"column":34}},{"start":{"line":81,"column":38},"end":{"line":81,"column":76}}]},"5":{"loc":{"start":{"line":97,"column":16},"end":{"line":100,"column":17}},"type":"if","locations":[{"start":{"line":97,"column":16},"end":{"line":100,"column":17}},{"start":{},"end":{}}]},"6":{"loc":{"start":{"line":106,"column":32},"end":{"line":106,"column":120}},"type":"cond-expr","locations":[{"start":{"line":106,"column":78},"end":{"line":106,"column":98}},{"start":{"line":106,"column":101},"end":{"line":106,"column":120}}]},"7":{"loc":{"start":{"line":135,"column":12},"end":{"line":140,"column":13}},"type":"if","locations":[{"start":{"line":135,"column":12},"end":{"line":140,"column":13}},{"start":{},"end":{}}]},"8":{"loc":{"start":{"line":144,"column":12},"end":{"line":149,"column":13}},"type":"if","locations":[{"start":{"line":144,"column":12},"end":{"line":149,"column":13}},{"start":{},"end":{}}]},"9":{"loc":{"start":{"line":154,"column":12},"end":{"line":161,"column":13}},"type":"if","locations":[{"start":{"line":154,"column":12},"end":{"line":161,"column":13}},{"start":{},"end":{}}]}},"s":{"0":1,"1":1,"2":1,"3":1,"4":1,"5":1,"6":0,"7":0,"8":0,"9":0,"10":0,"11":0,"12":0,"13":0,"14":0,"15":0,"16":0,"17":0,"18":0,"19":0,"20":0,"21":0,"22":0,"23":0,"24":0,"25":0,"26":0,"27":0,"28":0,"29":0,"30":0,"31":0,"32":0,"33":0,"34":0,"35":0,"36":0,"37":0,"38":0,"39":0,"40":0,"41":0,"42":0,"43":0,"44":0,"45":0,"46":0,"47":0,"48":0,"49":0,"50":0,"51":0,"52":0,"53":0,"54":0,"55":0,"56":0,"57":0,"58":0,"59":0,"60":1},"f":{"0":1,"1":0,"2":0,"3":0,"4":0,"5":0,"6":0,"7":0,"8":0},"b":{"0":[0,0],"1":[0,0],"2":[0,0],"3":[0,0],"4":[0,0],"5":[0,0],"6":[0,0],"7":[0,0],"8":[0,0],"9":[0,0]}}
,"/Users/kaungminkhant/Desktop/projects/Bleep/AlexMapBackend/src/utils/utils.ts": {"path":"/Users/kaungminkhant/Desktop/projects/Bleep/AlexMapBackend/src/utils/utils.ts","statementMap":{"0":{"start":{"line":2,"column":0},"end":{"line":2,"column":48}},"1":{"start":{"line":3,"column":0},"end":{"line":3,"column":32}},"2":{"start":{"line":7,"column":15},"end":{"line":10,"column":3}},"3":{"start":{"line":8,"column":4},"end":{"line":8,"column":46}},"4":{"start":{"line":9,"column":4},"end":{"line":9,"column":43}},"5":{"start":{"line":12,"column":16},"end":{"line":19,"column":1}},"6":{"start":{"line":13,"column":4},"end":{"line":18,"column":7}},"7":{"start":{"line":21,"column":13},"end":{"line":21,"column":null}},"8":{"start":{"line":24,"column":31},"end":{"line":32,"column":1}},"9":{"start":{"line":25,"column":18},"end":{"line":25,"column":28}},"10":{"start":{"line":27,"column":6},"end":{"line":27,"column":80}},"11":{"start":{"line":29,"column":6},"end":{"line":29,"column":76}},"12":{"start":{"line":30,"column":21},"end":{"line":30,"column":38}},"13":{"start":{"line":31,"column":4},"end":{"line":31,"column":20}},"14":{"start":{"line":24,"column":13},"end":{"line":24,"column":31}},"15":{"start":{"line":34,"column":13},"end":{"line":34,"column":null}},"16":{"start":{"line":38,"column":28},"end":{"line":44,"column":1}},"17":{"start":{"line":39,"column":4},"end":{"line":43,"column":null}},"18":{"start":{"line":38,"column":13},"end":{"line":38,"column":28}},"19":{"start":{"line":47,"column":24},"end":{"line":49,"column":1}},"20":{"start":{"line":48,"column":4},"end":{"line":48,"column":50}},"21":{"start":{"line":52,"column":19},"end":{"line":56,"column":1}},"22":{"start":{"line":53,"column":4},"end":{"line":53,"column":26}},"23":{"start":{"line":53,"column":13},"end":{"line":53,"column":26}},"24":{"start":{"line":54,"column":4},"end":{"line":54,"column":44}},"25":{"start":{"line":54,"column":31},"end":{"line":54,"column":44}},"26":{"start":{"line":55,"column":4},"end":{"line":55,"column":31}},"27":{"start":{"line":59,"column":13},"end":{"line":63,"column":null}}},"fnMap":{"0":{"name":"(anonymous_1)","decl":{"start":{"line":7,"column":15},"end":{"line":7,"column":16}},"loc":{"start":{"line":7,"column":47},"end":{"line":10,"column":3}}},"1":{"name":"(anonymous_2)","decl":{"start":{"line":12,"column":16},"end":{"line":12,"column":17}},"loc":{"start":{"line":12,"column":62},"end":{"line":19,"column":1}}},"2":{"name":"(anonymous_3)","decl":{"start":{"line":24,"column":31},"end":{"line":24,"column":34}},"loc":{"start":{"line":24,"column":36},"end":{"line":32,"column":1}}},"3":{"name":"(anonymous_4)","decl":{"start":{"line":38,"column":28},"end":{"line":38,"column":29}},"loc":{"start":{"line":38,"column":93},"end":{"line":44,"column":1}}},"4":{"name":"(anonymous_5)","decl":{"start":{"line":47,"column":24},"end":{"line":47,"column":25}},"loc":{"start":{"line":47,"column":42},"end":{"line":49,"column":1}}},"5":{"name":"(anonymous_6)","decl":{"start":{"line":52,"column":19},"end":{"line":52,"column":20}},"loc":{"start":{"line":52,"column":40},"end":{"line":56,"column":1}}}},"branchMap":{"0":{"loc":{"start":{"line":53,"column":4},"end":{"line":53,"column":26}},"type":"if","locations":[{"start":{"line":53,"column":4},"end":{"line":53,"column":26}},{"start":{},"end":{}}]},"1":{"loc":{"start":{"line":54,"column":4},"end":{"line":54,"column":44}},"type":"if","locations":[{"start":{"line":54,"column":4},"end":{"line":54,"column":44}},{"start":{},"end":{}}]}},"s":{"0":1,"1":1,"2":1,"3":0,"4":0,"5":1,"6":0,"7":1,"8":1,"9":0,"10":0,"11":0,"12":0,"13":0,"14":1,"15":1,"16":1,"17":2,"18":1,"19":1,"20":4,"21":1,"22":0,"23":0,"24":0,"25":0,"26":0,"27":1},"f":{"0":0,"1":0,"2":0,"3":2,"4":4,"5":0},"b":{"0":[0,0],"1":[0,0]}}
,"/Users/kaungminkhant/Desktop/projects/Bleep/AlexMapBackend/src/validations/authValidations.ts": {"path":"/Users/kaungminkhant/Desktop/projects/Bleep/AlexMapBackend/src/validations/authValidations.ts","statementMap":{"0":{"start":{"line":1,"column":0},"end":{"line":1,"column":24}},"1":{"start":{"line":4,"column":13},"end":{"line":9,"column":81}},"2":{"start":{"line":12,"column":13},"end":{"line":17,"column":null}}},"fnMap":{},"branchMap":{},"s":{"0":1,"1":1,"2":1},"f":{},"b":{}}
,"/Users/kaungminkhant/Desktop/projects/Bleep/AlexMapBackend/src/validations/conversationValidations.ts": {"path":"/Users/kaungminkhant/Desktop/projects/Bleep/AlexMapBackend/src/validations/conversationValidations.ts","statementMap":{"0":{"start":{"line":1,"column":0},"end":{"line":1,"column":20}},"1":{"start":{"line":3,"column":13},"end":{"line":8,"column":3}}},"fnMap":{},"branchMap":{},"s":{"0":0,"1":0},"f":{},"b":{}}
,"/Users/kaungminkhant/Desktop/projects/Bleep/AlexMapBackend/src/validations/messageValidations.ts": {"path":"/Users/kaungminkhant/Desktop/projects/Bleep/AlexMapBackend/src/validations/messageValidations.ts","statementMap":{"0":{"start":{"line":2,"column":0},"end":{"line":2,"column":24}},"1":{"start":{"line":3,"column":0},"end":{"line":3,"column":43}},"2":{"start":{"line":6,"column":13},"end":{"line":30,"column":3}},"3":{"start":{"line":8,"column":8},"end":{"line":10,"column":9}},"4":{"start":{"line":9,"column":12},"end":{"line":9,"column":52}},"5":{"start":{"line":11,"column":8},"end":{"line":11,"column":20}},"6":{"start":{"line":16,"column":8},"end":{"line":18,"column":9}},"7":{"start":{"line":17,"column":12},"end":{"line":17,"column":52}},"8":{"start":{"line":19,"column":8},"end":{"line":19,"column":20}},"9":{"start":{"line":24,"column":8},"end":{"line":24,"column":48}}},"fnMap":{"0":{"name":"(anonymous_0)","decl":{"start":{"line":7,"column":38},"end":{"line":7,"column":39}},"loc":{"start":{"line":7,"column":48},"end":{"line":12,"column":5}}},"1":{"name":"(anonymous_1)","decl":{"start":{"line":15,"column":32},"end":{"line":15,"column":33}},"loc":{"start":{"line":15,"column":42},"end":{"line":20,"column":5}}},"2":{"name":"(anonymous_2)","decl":{"start":{"line":23,"column":68},"end":{"line":23,"column":69}},"loc":{"start":{"line":23,"column":78},"end":{"line":25,"column":5}}}},"branchMap":{"0":{"loc":{"start":{"line":8,"column":8},"end":{"line":10,"column":9}},"type":"if","locations":[{"start":{"line":8,"column":8},"end":{"line":10,"column":9}},{"start":{},"end":{}}]},"1":{"loc":{"start":{"line":16,"column":8},"end":{"line":18,"column":9}},"type":"if","locations":[{"start":{"line":16,"column":8},"end":{"line":18,"column":9}},{"start":{},"end":{}}]}},"s":{"0":1,"1":1,"2":1,"3":0,"4":0,"5":0,"6":2,"7":2,"8":0,"9":2},"f":{"0":0,"1":2,"2":2},"b":{"0":[0,0],"1":[2,0]}}
,"/Users/kaungminkhant/Desktop/projects/Bleep/AlexMapBackend/src/validations/nodeValidations.ts": {"path":"/Users/kaungminkhant/Desktop/projects/Bleep/AlexMapBackend/src/validations/nodeValidations.ts","statementMap":{"0":{"start":{"line":2,"column":0},"end":{"line":2,"column":24}},"1":{"start":{"line":4,"column":21},"end":{"line":18,"column":4}},"2":{"start":{"line":21,"column":15},"end":{"line":28,"column":5}},"3":{"start":{"line":30,"column":15},"end":{"line":37,"column":5}},"4":{"start":{"line":39,"column":13},"end":{"line":46,"column":3}}},"fnMap":{},"branchMap":{},"s":{"0":0,"1":0,"2":0,"3":0,"4":0},"f":{},"b":{}}
}
